<?xml version="1.0" encoding="UTF-8"?>
<coverage generated="1680704232865" clover="3.2.0">
  <project timestamp="1680704232866" name="All files">
    <metrics statements="18" coveredstatements="18" conditionals="4" coveredconditionals="4" methods="7" coveredmethods="7" elements="29" coveredelements="29" complexity="0" loc="18" ncloc="18" packages="1" files="1" classes="1"/>
    <file name="string.js" path="C:\Users\Lawrence\Microverse\testing-practice\string.js">
      <metrics statements="18" coveredstatements="18" conditionals="4" coveredconditionals="4" methods="7" coveredmethods="7"/>
      <line num="1" count="1" type="stmt"/>
      <line num="2" count="3" type="cond" truecount="4" falsecount="0"/>
      <line num="3" count="1" type="stmt"/>
      <line num="5" count="2" type="stmt"/>
      <line num="9" count="1" type="stmt"/>
      <line num="10" count="1" type="stmt"/>
      <line num="14" count="4" type="stmt"/>
      <line num="15" count="3" type="stmt"/>
      <line num="17" count="4" type="stmt"/>
      <line num="18" count="3" type="stmt"/>
      <line num="20" count="4" type="stmt"/>
      <line num="21" count="3" type="stmt"/>
      <line num="23" count="4" type="stmt"/>
      <line num="24" count="3" type="stmt"/>
      <line num="28" count="1" type="stmt"/>
      <line num="29" count="1" type="stmt"/>
      <line num="30" count="1" type="stmt"/>
      <line num="32" count="1" type="stmt"/>
    </file>
  </project>
</coverage>
