TN:
SF:string.js
FN:1,(anonymous_0)
FN:9,(anonymous_1)
FN:14,(anonymous_2)
FN:17,(anonymous_3)
FN:20,(anonymous_4)
FN:23,(anonymous_5)
FN:28,(anonymous_6)
FNF:7
FNH:7
FNDA:3,(anonymous_0)
FNDA:1,(anonymous_1)
FNDA:3,(anonymous_2)
FNDA:3,(anonymous_3)
FNDA:3,(anonymous_4)
FNDA:3,(anonymous_5)
FNDA:1,(anonymous_6)
DA:1,1
DA:2,3
DA:3,1
DA:5,2
DA:9,1
DA:10,1
DA:14,4
DA:15,3
DA:17,4
DA:18,3
DA:20,4
DA:21,3
DA:23,4
DA:24,3
DA:28,1
DA:29,1
DA:30,1
DA:32,1
LF:18
LH:18
BRDA:2,0,0,1
BRDA:2,0,1,2
BRDA:2,1,0,3
BRDA:2,1,1,2
BRF:4
BRH:4
end_of_record
